src/pytest_ansible/results.py:4: error: Missing type parameters for generic type "dict"  [type-arg]
src/pytest_ansible/results.py:7: error: Function is missing a type annotation  [no-untyped-def]
src/pytest_ansible/results.py:14: error: Function is missing a return type annotation  [no-untyped-def]
src/pytest_ansible/results.py:19: error: Function is missing a return type annotation  [no-untyped-def]
src/pytest_ansible/results.py:21: error: Call to untyped function "_check_key" in typed context  [no-untyped-call]
src/pytest_ansible/results.py:24: error: Function is missing a return type annotation  [no-untyped-def]
src/pytest_ansible/results.py:26: error: Call to untyped function "_check_key" in typed context  [no-untyped-call]
src/pytest_ansible/results.py:29: error: Function is missing a return type annotation  [no-untyped-def]
src/pytest_ansible/results.py:31: error: Call to untyped function "_check_key" in typed context  [no-untyped-call]
src/pytest_ansible/results.py:34: error: Function is missing a return type annotation  [no-untyped-def]
src/pytest_ansible/results.py:36: error: Call to untyped function "_check_key" in typed context  [no-untyped-call]
src/pytest_ansible/results.py:39: error: Function is missing a return type annotation  [no-untyped-def]
src/pytest_ansible/results.py:47: error: Function is missing a type annotation for one or more arguments  [no-untyped-def]
src/pytest_ansible/results.py:54: error: Function is missing a type annotation  [no-untyped-def]
src/pytest_ansible/results.py:60: error: Function is missing a type annotation  [no-untyped-def]
src/pytest_ansible/results.py:71: error: Function is missing a type annotation for one or more arguments  [no-untyped-def]
src/pytest_ansible/results.py:75: error: Function is missing a type annotation  [no-untyped-def]
src/pytest_ansible/results.py:79: error: Function is missing a return type annotation  [no-untyped-def]
src/pytest_ansible/results.py:83: error: Function is missing a return type annotation  [no-untyped-def]
src/pytest_ansible/results.py:88: error: Function is missing a return type annotation  [no-untyped-def]
src/pytest_ansible/errors.py:6: error: Class cannot subclass "AnsibleError" (has type "Any")  [misc]
src/pytest_ansible/errors.py:10: error: Class cannot subclass "AnsibleError" (has type "Any")  [misc]
src/pytest_ansible/errors.py:13: error: Function is missing a type annotation for one or more arguments  [no-untyped-def]
src/pytest_ansible/errors.py:20: error: Class cannot subclass "AnsibleError" (has type "Any")  [misc]
src/pytest_ansible/host_manager/base.py:11: error: Function is missing a type annotation for one or more arguments  [no-untyped-def]
src/pytest_ansible/host_manager/base.py:15: error: Call to untyped function "check_required_kwargs" in typed context  [no-untyped-call]
src/pytest_ansible/host_manager/base.py:21: error: Call to untyped function "initialize_inventory" in typed context  [no-untyped-call]
src/pytest_ansible/host_manager/base.py:23: error: Function is missing a type annotation  [no-untyped-def]
src/pytest_ansible/host_manager/base.py:26: error: Function is missing a type annotation  [no-untyped-def]
src/pytest_ansible/host_manager/base.py:44: error: Function is missing a return type annotation  [no-untyped-def]
src/pytest_ansible/host_manager/base.py:52: error: Function is missing a type annotation  [no-untyped-def]
src/pytest_ansible/host_manager/base.py:59: error: Function is missing a type annotation  [no-untyped-def]
src/pytest_ansible/host_manager/base.py:65: error: Call to untyped function "get_extra_inventory_hosts" in typed context  [no-untyped-call]
src/pytest_ansible/host_manager/base.py:66: error: Call to untyped function "get_extra_inventory_groups" in typed context  [no-untyped-call]
src/pytest_ansible/host_manager/base.py:71: error: Function is missing a type annotation  [no-untyped-def]
src/pytest_ansible/host_manager/base.py:85: error: Call to untyped function "has_matching_inventory" in typed context  [no-untyped-call]
src/pytest_ansible/host_manager/base.py:88: error: Call to untyped function (unknown) in typed context  [no-untyped-call]
src/pytest_ansible/host_manager/base.py:90: error: Function is missing a type annotation  [no-untyped-def]
src/pytest_ansible/host_manager/base.py:92: error: Call to untyped function "has_matching_inventory" in typed context  [no-untyped-call]
src/pytest_ansible/host_manager/base.py:96: error: Call to untyped function (unknown) in typed context  [no-untyped-call]
src/pytest_ansible/host_manager/base.py:98: error: Function is missing a return type annotation  [no-untyped-def]
src/pytest_ansible/host_manager/base.py:101: error: Call to untyped function "get_extra_inventory_hosts" in typed context  [no-untyped-call]
src/pytest_ansible/host_manager/base.py:104: error: Function is missing a type annotation  [no-untyped-def]
src/pytest_ansible/host_manager/base.py:106: error: Call to untyped function "get_extra_inventory_hosts" in typed context  [no-untyped-call]
src/pytest_ansible/host_manager/base.py:120: error: Call to untyped function "get_extra_inventory_hosts" in typed context  [no-untyped-call]
src/pytest_ansible/host_manager/base.py:123: error: Function is missing a type annotation for one or more arguments  [no-untyped-def]
src/pytest_ansible/host_manager/base.py:125: error: Returning Any from function declared to return "bool"  [no-any-return]
src/pytest_ansible/host_manager/base.py:125: error: Call to untyped function "has_matching_inventory" in typed context  [no-untyped-call]
src/pytest_ansible/host_manager/base.py:127: error: Function is missing a return type annotation  [no-untyped-def]
src/pytest_ansible/host_manager/base.py:127: note: Use "-> None" if function does not return a value
src/pytest_ansible/module_dispatcher/__init__.py:13: error: Function is missing a type annotation for one or more arguments  [no-untyped-def]
src/pytest_ansible/module_dispatcher/__init__.py:18: error: Call to untyped function "check_required_kwargs" in typed context  [no-untyped-call]
src/pytest_ansible/module_dispatcher/__init__.py:32: error: Function is missing a type annotation for one or more arguments  [no-untyped-def]
src/pytest_ansible/module_dispatcher/__init__.py:44: error: Function is missing a type annotation  [no-untyped-def]
src/pytest_ansible/module_dispatcher/__init__.py:49: error: Call to untyped function "has_module" in typed context  [no-untyped-call]
src/pytest_ansible/module_dispatcher/__init__.py:57: error: Function is missing a type annotation  [no-untyped-def]
src/pytest_ansible/module_dispatcher/__init__.py:64: error: Function is missing a type annotation  [no-untyped-def]
src/pytest_ansible/module_dispatcher/__init__.py:69: error: Function is missing a type annotation  [no-untyped-def]
src/pytest_ansible/module_dispatcher/v213.py:34: error: Class cannot subclass "CallbackBase" (has type "Any")  [misc]
src/pytest_ansible/module_dispatcher/v213.py:37: error: Function is missing a type annotation for one or more arguments  [no-untyped-def]
src/pytest_ansible/module_dispatcher/v213.py:43: error: Function is missing a type annotation  [no-untyped-def]
src/pytest_ansible/module_dispatcher/v213.py:49: error: Function is missing a type annotation  [no-untyped-def]
src/pytest_ansible/module_dispatcher/v213.py:53: error: Function is missing a type annotation  [no-untyped-def]
src/pytest_ansible/module_dispatcher/v213.py:58: error: Function is missing a return type annotation  [no-untyped-def]
src/pytest_ansible/module_dispatcher/v213.py:74: error: Function is missing a type annotation for one or more arguments  [no-untyped-def]
src/pytest_ansible/module_dispatcher/v213.py:81: error: Function is missing a type annotation  [no-untyped-def]
src/pytest_ansible/module_dispatcher/v213.py:95: error: Function is missing a type annotation  [no-untyped-def]
src/pytest_ansible/module_dispatcher/v212.py:26: error: Class cannot subclass "CallbackBase" (has type "Any")  [misc]
src/pytest_ansible/module_dispatcher/v212.py:29: error: Function is missing a type annotation for one or more arguments  [no-untyped-def]
src/pytest_ansible/module_dispatcher/v212.py:32: error: Need type annotation for "contacted" (hint: "contacted: dict[<type>, <type>] = ...")  [var-annotated]
src/pytest_ansible/module_dispatcher/v212.py:33: error: Need type annotation for "unreachable" (hint: "unreachable: dict[<type>, <type>] = ...")  [var-annotated]
src/pytest_ansible/module_dispatcher/v212.py:35: error: Function is missing a type annotation  [no-untyped-def]
src/pytest_ansible/module_dispatcher/v212.py:41: error: Function is missing a type annotation  [no-untyped-def]
src/pytest_ansible/module_dispatcher/v212.py:45: error: Function is missing a type annotation  [no-untyped-def]
src/pytest_ansible/module_dispatcher/v212.py:50: error: Function is missing a return type annotation  [no-untyped-def]
src/pytest_ansible/module_dispatcher/v212.py:69: error: Function is missing a type annotation for one or more arguments  [no-untyped-def]
src/pytest_ansible/module_dispatcher/v212.py:90: error: Function is missing a type annotation  [no-untyped-def]
src/pytest_ansible/host_manager/v213.py:14: error: Function is missing a type annotation for one or more arguments  [no-untyped-def]
src/pytest_ansible/host_manager/v213.py:19: error: Function is missing a return type annotation  [no-untyped-def]
src/pytest_ansible/host_manager/v213.py:19: note: Use "-> None" if function does not return a value
src/pytest_ansible/units.py:112: error: Argument 1 to "extend" of "list" has incompatible type "list[str]"; expected "Iterable[Path]"  [arg-type]
src/pytest_ansible/units.py:117: error: List item 1 has incompatible type "list[Path]"; expected "str"  [list-item]
src/pytest_ansible/units.py:126: error: List comprehension has incompatible type List[str]; expected List[Path]  [misc]
src/pytest_ansible/units.py:127: error: List item 1 has incompatible type "list[Path]"; expected "str"  [list-item]
src/pytest_ansible/host_manager/utils.py:8: error: Function is missing a type annotation for one or more arguments  [no-untyped-def]
src/pytest_ansible/host_manager/utils.py:21: error: Incompatible import of "HostManager" (imported name has type "type[HostManagerV212]", local name has type "type[HostManagerV213]")  [assignment]
tests/test_params.py:7: error: Module "_pytest.main" has no attribute "EXIT_INTERRUPTED"  [attr-defined]
tests/test_params.py:7: error: Module "_pytest.main" has no attribute "EXIT_NOTESTSCOLLECTED"  [attr-defined]
tests/test_params.py:7: error: Module "_pytest.main" has no attribute "EXIT_OK"  [attr-defined]
tests/test_params.py:7: error: Module "_pytest.main" has no attribute "EXIT_TESTSFAILED"  [attr-defined]
tests/test_params.py:7: error: Module "_pytest.main" has no attribute "EXIT_USAGEERROR"  [attr-defined]
tests/test_params.py:15: error: Module "_pytest.main" does not explicitly export attribute "ExitCode"  [attr-defined]
tests/test_params.py:24: error: Function is missing a type annotation  [no-untyped-def]
tests/test_params.py:48: error: Function is missing a type annotation  [no-untyped-def]
tests/test_params.py:58: error: Function is missing a type annotation  [no-untyped-def]
tests/test_params.py:65: error: Function is missing a type annotation  [no-untyped-def]
tests/test_params.py:85: error: Function is missing a type annotation  [no-untyped-def]
tests/test_params.py:122: error: Function is missing a type annotation  [no-untyped-def]
tests/test_params.py:131: error: Function is missing a type annotation  [no-untyped-def]
tests/test_params.py:149: error: Function is missing a type annotation  [no-untyped-def]
tests/test_params.py:160: error: Function is missing a type annotation  [no-untyped-def]
tests/test_module_result.py:28: error: Function is missing a type annotation  [no-untyped-def]
tests/test_module_result.py:39: error: Function is missing a return type annotation  [no-untyped-def]
tests/test_module_result.py:50: error: Function is missing a type annotation  [no-untyped-def]
tests/test_module_result.py:79: error: Function is missing a return type annotation  [no-untyped-def]
tests/test_module_result.py:79: note: Use "-> None" if function does not return a value
tests/test_module_result.py:85: error: Function is missing a return type annotation  [no-untyped-def]
tests/test_module_result.py:85: note: Use "-> None" if function does not return a value
tests/test_module_result.py:113: error: Function is missing a type annotation  [no-untyped-def]
tests/test_fixtures.py:4: error: Module "_pytest.main" does not explicitly export attribute "ExitCode"  [attr-defined]
tests/test_fixtures.py:9: error: Function is missing a type annotation  [no-untyped-def]
tests/test_fixtures.py:32: error: Function is missing a type annotation  [no-untyped-def]
tests/test_fixtures.py:53: error: Function is missing a type annotation  [no-untyped-def]
tests/test_fixtures.py:74: error: Function is missing a type annotation  [no-untyped-def]
tests/test_adhoc.py:6: error: Module "_pytest.main" has no attribute "EXIT_INTERRUPTED"  [attr-defined]
tests/test_adhoc.py:6: error: Module "_pytest.main" has no attribute "EXIT_NOTESTSCOLLECTED"  [attr-defined]
tests/test_adhoc.py:6: error: Module "_pytest.main" has no attribute "EXIT_OK"  [attr-defined]
tests/test_adhoc.py:6: error: Module "_pytest.main" has no attribute "EXIT_TESTSFAILED"  [attr-defined]
tests/test_adhoc.py:6: error: Module "_pytest.main" has no attribute "EXIT_USAGEERROR"  [attr-defined]
tests/test_adhoc.py:14: error: Module "_pytest.main" does not explicitly export attribute "ExitCode"  [attr-defined]
tests/test_adhoc.py:24: error: Function is missing a type annotation  [no-untyped-def]
tests/test_adhoc.py:54: error: Function is missing a type annotation  [no-untyped-def]
tests/test_adhoc.py:80: error: Function is missing a type annotation  [no-untyped-def]
tests/test_adhoc.py:111: error: Function is missing a type annotation  [no-untyped-def]
tests/test_adhoc.py:142: error: Function is missing a type annotation  [no-untyped-def]
tests/test_adhoc.py:194: error: Function is missing a type annotation  [no-untyped-def]
tests/test_adhoc.py:224: error: Function is missing a type annotation  [no-untyped-def]
tests/test_adhoc.py:250: error: Function is missing a type annotation  [no-untyped-def]
tests/test_adhoc.py:282: error: Function is missing a type annotation  [no-untyped-def]
tests/conftest.py:98: error: Function is missing a type annotation  [no-untyped-def]
tests/conftest.py:114: error: Function is missing a type annotation for one or more arguments  [no-untyped-def]
tests/conftest.py:143: error: Function is missing a return type annotation  [no-untyped-def]
tests/conftest.py:148: error: Function is missing a return type annotation  [no-untyped-def]
tests/conftest.py:148: note: Use "-> None" if function does not return a value
tests/conftest.py:156: error: Function is missing a type annotation  [no-untyped-def]
tests/conftest.py:164: error: Function is missing a return type annotation  [no-untyped-def]
tests/conftest.py:165: error: Function is missing a type annotation  [no-untyped-def]
tests/unit/test_unit.py:52: error: Item "None" of "Match[str] | None" has no attribute "groups"  [union-attr]
tests/unit/test_unit.py:53: error: Item "None" of "Match[str] | None" has no attribute "groups"  [union-attr]
tests/unit/test_unit.py:77: error: Item "None" of "Match[str] | None" has no attribute "groups"  [union-attr]
tests/unit/test_unit.py:78: error: Item "None" of "Match[str] | None" has no attribute "groups"  [union-attr]
tests/unit/test_unit.py:82: error: Function is missing a return type annotation  [no-untyped-def]
tests/unit/test_unit.py:82: note: Use "-> None" if function does not return a value
src/pytest_ansible/molecule.py:34: error: Function is missing a type annotation  [no-untyped-def]
src/pytest_ansible/molecule.py:112: error: Function is missing a return type annotation  [no-untyped-def]
src/pytest_ansible/molecule.py:133: error: Function is missing a type annotation for one or more arguments  [no-untyped-def]
src/pytest_ansible/molecule.py:135: error: Need type annotation for "funcargs" (hint: "funcargs: dict[<type>, <type>] = ...")  [var-annotated]
src/pytest_ansible/molecule.py:140: error: Argument 1 to "yaml_loader" of "MoleculeItem" has incompatible type "Path"; expected "str"  [arg-type]
src/pytest_ansible/molecule.py:144: error: Argument 1 to "yaml_loader" of "MoleculeItem" has incompatible type "Path"; expected "str"  [arg-type]
src/pytest_ansible/molecule.py:182: error: Missing type parameters for generic type "dict"  [type-arg]
src/pytest_ansible/molecule.py:184: error: No overload variant of "open" of "Path" matches argument types "str", "str"  [call-overload]
src/pytest_ansible/molecule.py:184: note: Possible overload variants:
src/pytest_ansible/molecule.py:184: note:     def open(self, self: Path, mode: Literal['r+', '+r', 'rt+', 'r+t', '+rt', 'tr+', 't+r', '+tr', 'w+', '+w', 'wt+', 'w+t', '+wt', 'tw+', 't+w', '+tw', 'a+', '+a', 'at+', 'a+t', '+at', 'ta+', 't+a', '+ta', 'x+', '+x', 'xt+', 'x+t', '+xt', 'tx+', 't+x', '+tx'] | Literal['w', 'wt', 'tw', 'a', 'at', 'ta', 'x', 'xt', 'tx'] | Literal['r', 'rt', 'tr', 'U', 'rU', 'Ur', 'rtU', 'rUt', 'Urt', 'trU', 'tUr', 'Utr'] = ..., buffering: int = ..., encoding: str | None = ..., errors: str | None = ..., newline: str | None = ...) -> TextIOWrapper
src/pytest_ansible/molecule.py:184: note:     def open(self, self: Path, mode: Literal['rb+', 'r+b', '+rb', 'br+', 'b+r', '+br', 'wb+', 'w+b', '+wb', 'bw+', 'b+w', '+bw', 'ab+', 'a+b', '+ab', 'ba+', 'b+a', '+ba', 'xb+', 'x+b', '+xb', 'bx+', 'b+x', '+bx'] | Literal['rb', 'br', 'rbU', 'rUb', 'Urb', 'brU', 'bUr', 'Ubr'] | Literal['wb', 'bw', 'ab', 'ba', 'xb', 'bx'], buffering: Literal[0], encoding: None = ..., errors: None = ..., newline: None = ...) -> FileIO
src/pytest_ansible/molecule.py:184: note:     def open(self, self: Path, mode: Literal['rb+', 'r+b', '+rb', 'br+', 'b+r', '+br', 'wb+', 'w+b', '+wb', 'bw+', 'b+w', '+bw', 'ab+', 'a+b', '+ab', 'ba+', 'b+a', '+ba', 'xb+', 'x+b', '+xb', 'bx+', 'b+x', '+bx'], buffering: Literal[-1, 1] = ..., encoding: None = ..., errors: None = ..., newline: None = ...) -> BufferedRandom
src/pytest_ansible/molecule.py:184: note:     def open(self, self: Path, mode: Literal['wb', 'bw', 'ab', 'ba', 'xb', 'bx'], buffering: Literal[-1, 1] = ..., encoding: None = ..., errors: None = ..., newline: None = ...) -> BufferedWriter
src/pytest_ansible/molecule.py:184: note:     def open(self, self: Path, mode: Literal['rb', 'br', 'rbU', 'rUb', 'Urb', 'brU', 'bUr', 'Ubr'], buffering: Literal[-1, 1] = ..., encoding: None = ..., errors: None = ..., newline: None = ...) -> BufferedReader
src/pytest_ansible/molecule.py:184: note:     def open(self, self: Path, mode: Literal['rb+', 'r+b', '+rb', 'br+', 'b+r', '+br', 'wb+', 'w+b', '+wb', 'bw+', 'b+w', '+bw', 'ab+', 'a+b', '+ab', 'ba+', 'b+a', '+ba', 'xb+', 'x+b', '+xb', 'bx+', 'b+x', '+bx'] | Literal['rb', 'br', 'rbU', 'rUb', 'Urb', 'brU', 'bUr', 'Ubr'] | Literal['wb', 'bw', 'ab', 'ba', 'xb', 'bx'], buffering: int = ..., encoding: None = ..., errors: None = ..., newline: None = ...) -> BinaryIO
src/pytest_ansible/molecule.py:184: note:     def open(self, self: Path, mode: str, buffering: int = ..., encoding: str | None = ..., errors: str | None = ..., newline: str | None = ...) -> IO[Any]
src/pytest_ansible/molecule.py:187: error: Function is missing a return type annotation  [no-untyped-def]
src/pytest_ansible/molecule.py:187: note: Use "-> None" if function does not return a value
src/pytest_ansible/molecule.py:207: error: Item "None" of "IO[str] | None" has no attribute "readlines"  [union-attr]
src/pytest_ansible/molecule.py:235: error: Item "None" of "IO[str] | None" has no attribute "__iter__" (not iterable)  [union-attr]
src/pytest_ansible/molecule.py:253: error: Function is missing a return type annotation  [no-untyped-def]
src/pytest_ansible/molecule.py:280: error: Missing type parameters for generic type "CompletedProcess"  [type-arg]
src/pytest_ansible/fixtures.py:7: error: Function is missing a type annotation  [no-untyped-def]
src/pytest_ansible/fixtures.py:11: error: Function is missing a type annotation  [no-untyped-def]
src/pytest_ansible/fixtures.py:18: error: Function is missing a type annotation  [no-untyped-def]
src/pytest_ansible/fixtures.py:25: error: Function is missing a type annotation  [no-untyped-def]
src/pytest_ansible/fixtures.py:31: error: Function is missing a type annotation  [no-untyped-def]
tests/test_module_dispatcher.py:6: error: Function is missing a return type annotation  [no-untyped-def]
tests/test_module_dispatcher.py:6: note: Use "-> None" if function does not return a value
tests/test_module_dispatcher.py:11: error: Call to untyped function "has_module" in typed context  [no-untyped-call]
tests/test_module_dispatcher.py:14: error: Call to untyped function "_run" in typed context  [no-untyped-call]
tests/test_module_dispatcher.py:18: error: Function is missing a return type annotation  [no-untyped-def]
tests/test_module_dispatcher.py:18: note: Use "-> None" if function does not return a value
tests/test_module_dispatcher.py:32: error: Function is missing a type annotation  [no-untyped-def]
tests/test_module_dispatcher.py:45: error: Function is missing a type annotation  [no-untyped-def]
tests/test_module_dispatcher.py:55: error: Function is missing a type annotation  [no-untyped-def]
tests/test_module_dispatcher.py:65: error: Function is missing a type annotation  [no-untyped-def]
tests/test_host_manager.py:23: error: Function is missing a type annotation  [no-untyped-def]
tests/test_host_manager.py:34: error: Function is missing a type annotation  [no-untyped-def]
tests/test_host_manager.py:50: error: Function is missing a type annotation  [no-untyped-def]
tests/test_host_manager.py:63: error: Function is missing a type annotation  [no-untyped-def]
tests/test_host_manager.py:81: error: Function is missing a type annotation  [no-untyped-def]
tests/test_host_manager.py:97: error: Function is missing a type annotation  [no-untyped-def]
tests/test_host_manager.py:116: error: Function is missing a type annotation  [no-untyped-def]
tests/test_host_manager.py:132: error: Function is missing a type annotation  [no-untyped-def]
tests/test_host_manager.py:148: error: Function is missing a type annotation  [no-untyped-def]
tests/test_host_manager.py:162: error: Function is missing a type annotation  [no-untyped-def]
tests/test_host_manager.py:174: error: Function is missing a type annotation  [no-untyped-def]
tests/test_adhoc_result.py:18: error: Function is missing a type annotation  [no-untyped-def]
tests/test_adhoc_result.py:19: error: Function is missing a return type annotation  [no-untyped-def]
tests/test_adhoc_result.py:26: error: Function is missing a type annotation  [no-untyped-def]
tests/test_adhoc_result.py:33: error: Function is missing a type annotation  [no-untyped-def]
tests/test_adhoc_result.py:40: error: Function is missing a type annotation  [no-untyped-def]
tests/test_adhoc_result.py:52: error: Function is missing a type annotation  [no-untyped-def]
tests/test_adhoc_result.py:65: error: Function is missing a type annotation  [no-untyped-def]
tests/test_adhoc_result.py:74: error: Function is missing a type annotation  [no-untyped-def]
tests/test_adhoc_result.py:80: error: Function is missing a type annotation  [no-untyped-def]
tests/test_adhoc_result.py:91: error: Function is missing a type annotation  [no-untyped-def]
tests/test_adhoc_result.py:98: error: Function is missing a type annotation  [no-untyped-def]
tests/test_adhoc_result.py:108: error: Function is missing a type annotation  [no-untyped-def]
tests/test_adhoc_result.py:116: error: Function is missing a return type annotation  [no-untyped-def]
tests/test_adhoc_result.py:116: note: Use "-> None" if function does not return a value
tests/test_adhoc_result.py:140: error: Function is missing a return type annotation  [no-untyped-def]
tests/test_adhoc_result.py:140: note: Use "-> None" if function does not return a value
src/pytest_ansible/plugin.py:51: error: Function is missing a type annotation  [no-untyped-def]
src/pytest_ansible/plugin.py:191: error: Function is missing a type annotation  [no-untyped-def]
src/pytest_ansible/plugin.py:235: error: Function is missing a type annotation  [no-untyped-def]
src/pytest_ansible/plugin.py:239: error: Call to untyped function "assert_required_ansible_parameters" in typed context  [no-untyped-call]
src/pytest_ansible/plugin.py:254: error: Call to untyped function "assert_required_ansible_parameters" in typed context  [no-untyped-call]
src/pytest_ansible/plugin.py:319: error: Function is missing a type annotation for one or more arguments  [no-untyped-def]
src/pytest_ansible/plugin.py:323: error: Function is missing a return type annotation  [no-untyped-def]
src/pytest_ansible/plugin.py:327: error: Function is missing a type annotation  [no-untyped-def]
src/pytest_ansible/plugin.py:355: error: Call to untyped function "assert_required_ansible_parameters" in typed context  [no-untyped-call]
src/pytest_ansible/plugin.py:357: error: Function is missing a type annotation  [no-untyped-def]
src/pytest_ansible/plugin.py:389: error: Function is missing a type annotation  [no-untyped-def]
src/pytest_ansible/plugin.py:400: error: Function is missing a type annotation  [no-untyped-def]
src/pytest_ansible/plugin.py:405: error: Call to untyped function "_load_ansible_config" in typed context  [no-untyped-call]
src/pytest_ansible/plugin.py:408: error: Call to untyped function "_load_request_config" in typed context  [no-untyped-call]
src/pytest_ansible/plugin.py:414: error: Function is missing a type annotation  [no-untyped-def]
tests/test_plugin.py:10: error: Function is missing a type annotation for one or more arguments  [no-untyped-def]
tests/test_plugin.py:14: error: Function is missing a type annotation  [no-untyped-def]
tests/test_plugin.py:21: error: Need type annotation for "options" (hint: "options: dict[<type>, <type>] = ...")  [var-annotated]
tests/test_plugin.py:23: error: Function is missing a type annotation  [no-untyped-def]
tests/test_plugin.py:26: error: Function is missing a type annotation  [no-untyped-def]
tests/test_plugin.py:39: error: Function is missing a type annotation  [no-untyped-def]
tests/test_plugin.py:46: error: Function is missing a type annotation for one or more arguments  [no-untyped-def]
tests/test_plugin.py:52: error: Function is missing a return type annotation  [no-untyped-def]
tests/test_plugin.py:52: note: Use "-> None" if function does not return a value
tests/test_plugin.py:68: error: Cannot assign to a method  [method-assign]
tests/test_plugin.py:70: error: Call to untyped function "pytest_generate_tests" in typed context  [no-untyped-call]
tests/test_plugin.py:75: error: Function is missing a return type annotation  [no-untyped-def]
tests/test_plugin.py:75: note: Use "-> None" if function does not return a value
tests/test_plugin.py:97: error: Cannot assign to a method  [method-assign]
tests/test_plugin.py:99: error: Call to untyped function "pytest_generate_tests" in typed context  [no-untyped-call]
tests/test_plugin.py:104: error: Function is missing a return type annotation  [no-untyped-def]
tests/test_plugin.py:104: note: Use "-> None" if function does not return a value
tests/test_plugin.py:107: error: Call to untyped function "setoption" in typed context  [no-untyped-call]
tests/test_plugin.py:108: error: Call to untyped function "setoption" in typed context  [no-untyped-call]
tests/test_plugin.py:120: error: Call to untyped function "pytest_collection_modifyitems" in typed context  [no-untyped-call]
tests/test_plugin.py:123: error: Function is missing a return type annotation  [no-untyped-def]
tests/test_plugin.py:123: note: Use "-> None" if function does not return a value
tests/test_plugin.py:126: error: Call to untyped function "setoption" in typed context  [no-untyped-call]
tests/test_plugin.py:127: error: Call to untyped function "setoption" in typed context  [no-untyped-call]
tests/test_plugin.py:134: error: Call to untyped function "pytest_collection_modifyitems" in typed context  [no-untyped-call]
tests/test_plugin.py:138: error: Function is missing a return type annotation  [no-untyped-def]
tests/test_plugin.py:138: note: Use "-> None" if function does not return a value
tests/test_plugin.py:141: error: Call to untyped function "setoption" in typed context  [no-untyped-call]
tests/test_plugin.py:142: error: Call to untyped function "setoption" in typed context  [no-untyped-call]
tests/test_plugin.py:149: error: Call to untyped function "pytest_collection_modifyitems" in typed context  [no-untyped-call]
Found 228 errors in 22 files (checked 30 source files)
